<?xml version="1.0" encoding="UTF-8"?>
<!-- Generated by org.testng.reporters.JUnitReportReporter -->
<testsuite hostname="GiriGoudru-PC" failures="0" tests="1" name="com.crm.git18.smokeTest" time="0.044" errors="0" timestamp="2021-12-18T23:01:20 IST" skipped="0">
  <testcase classname="com.crm.git18.smokeTest" name="m1" time="0.044"/>
  <system-out/>
</testsuite> <!-- com.crm.git18.smokeTest -->
